Temp/gradleOut/unityLibrary/build/intermediates/manifest_merge_blame_file/release/manifest-merger-blame-release-report.txt
1<?xml version="1.0" encoding="utf-8"?>
2<!-- GENERATED BY UNITY. REMOVE THIS COMMENT TO PREVENT OVERWRITING WHEN EXPORTING AGAIN -->
3<manifest xmlns:android="http://schemas.android.com/apk/res/android"
4    xmlns:tools="http://schemas.android.com/tools"
5    package="com.unity3d.player"
6    android:installLocation="auto"
7    android:versionCode="1"
8    android:versionName="0.1" >
9
10    <uses-sdk
11        android:minSdkVersion="25"
11-->src\main\AndroidManifest.xml
12        android:targetSdkVersion="28" />
12-->src\main\AndroidManifest.xml
13
14    <uses-feature android:glEsVersion="0x00030000" />
14-->src\main\AndroidManifest.xml:23:3-52
14-->src\main\AndroidManifest.xml:23:17-49
15
16    <uses-permission android:name="android.permission.INTERNET" />
16-->src\main\AndroidManifest.xml:24:3-65
16-->src\main\AndroidManifest.xml:24:20-62
17    <uses-permission android:name="android.permission.RECORD_AUDIO" />
17-->src\main\AndroidManifest.xml:25:3-69
17-->src\main\AndroidManifest.xml:25:20-66
18    <uses-permission android:name="android.permission.MODIFY_AUDIO_SETTINGS" />
18-->src\main\AndroidManifest.xml:26:3-78
18-->src\main\AndroidManifest.xml:26:20-75
19    <uses-permission android:name="android.permission.BLUETOOTH" />
19-->src\main\AndroidManifest.xml:27:3-66
19-->src\main\AndroidManifest.xml:27:20-63
20
21    <uses-feature
21-->src\main\AndroidManifest.xml:28:3-87
22        android:name="android.hardware.microphone"
22-->src\main\AndroidManifest.xml:28:17-59
23        android:required="false" />
23-->src\main\AndroidManifest.xml:28:60-84
24
25    <uses-permission android:name="android.permission.WRITE_EXTERNAL_STORAGE" />
25-->src\main\AndroidManifest.xml:29:3-79
25-->src\main\AndroidManifest.xml:29:20-76
26
27    <uses-feature
27-->src\main\AndroidManifest.xml:30:3-88
28        android:name="android.hardware.touchscreen"
28-->src\main\AndroidManifest.xml:30:17-60
29        android:required="false" />
29-->src\main\AndroidManifest.xml:30:61-85
30    <uses-feature
30-->src\main\AndroidManifest.xml:31:3-99
31        android:name="android.hardware.touchscreen.multitouch"
31-->src\main\AndroidManifest.xml:31:17-71
32        android:required="false" />
32-->src\main\AndroidManifest.xml:31:72-96
33    <uses-feature
33-->src\main\AndroidManifest.xml:32:3-108
34        android:name="android.hardware.touchscreen.multitouch.distinct"
34-->src\main\AndroidManifest.xml:32:17-80
35        android:required="false" />
35-->src\main\AndroidManifest.xml:32:81-105
36    <uses-feature
36-->src\main\AndroidManifest.xml:33:3-111
37        android:name="android.hardware.vr.headtracking"
37-->src\main\AndroidManifest.xml:33:17-64
38        android:required="true"
38-->src\main\AndroidManifest.xml:33:65-88
39        android:version="1" />
39-->src\main\AndroidManifest.xml:33:89-108
40
41    <application
41-->src\main\AndroidManifest.xml:4:3-22:17
42        android:allowBackup="false"
42-->src\main\AndroidManifest.xml:4:81-108
43        android:icon="@mipmap/app_icon"
43-->src\main\AndroidManifest.xml:4:49-80
44        android:label="@string/app_name"
44-->src\main\AndroidManifest.xml:4:16-48
45        android:networkSecurityConfig="@xml/network_sec_config" >
45-->src\main\AndroidManifest.xml:4:109-164
46        <activity
46-->src\main\AndroidManifest.xml:5:5-14:16
47            android:name="com.unity3d.player.UnityPlayerActivity"
47-->src\main\AndroidManifest.xml:5:15-68
48            android:configChanges="keyboard|keyboardHidden|navigation|orientation|screenLayout|screenSize|uiMode|density"
48-->src\main\AndroidManifest.xml:5:204-313
49            android:hardwareAccelerated="false"
49-->src\main\AndroidManifest.xml:5:314-349
50            android:launchMode="singleTask"
50-->src\main\AndroidManifest.xml:5:172-203
51            android:resizeableActivity="false"
51-->src\main\AndroidManifest.xml:5:350-384
52            android:screenOrientation="landscape"
52-->src\main\AndroidManifest.xml:5:134-171
53            android:theme="@android:style/Theme.Black.NoTitleBar.Fullscreen" >
53-->src\main\AndroidManifest.xml:5:69-133
54            <intent-filter>
54-->src\main\AndroidManifest.xml:6:7-10:23
55                <action android:name="android.intent.action.MAIN" />
55-->src\main\AndroidManifest.xml:7:9-61
55-->src\main\AndroidManifest.xml:7:17-58
56
57                <category android:name="com.oculus.intent.category.VR" />
57-->src\main\AndroidManifest.xml:8:9-66
57-->src\main\AndroidManifest.xml:8:19-63
58                <category android:name="android.intent.category.INFO" />
58-->src\main\AndroidManifest.xml:9:9-65
58-->src\main\AndroidManifest.xml:9:19-62
59            </intent-filter>
60
61            <meta-data
61-->src\main\AndroidManifest.xml:11:7-82
62                android:name="unityplayer.UnityActivity"
62-->src\main\AndroidManifest.xml:11:18-58
63                android:value="true" />
63-->src\main\AndroidManifest.xml:11:59-79
64            <meta-data
64-->src\main\AndroidManifest.xml:12:7-78
65                android:name="android.notch_support"
65-->src\main\AndroidManifest.xml:12:18-54
66                android:value="true" />
66-->src\main\AndroidManifest.xml:12:55-75
67            <meta-data
67-->src\main\AndroidManifest.xml:13:7-81
68                android:name="com.oculus.vr.focusaware"
68-->src\main\AndroidManifest.xml:13:18-57
69                android:value="true" />
69-->src\main\AndroidManifest.xml:13:58-78
70        </activity>
71
72        <meta-data
72-->src\main\AndroidManifest.xml:15:5-69
73            android:name="unity.splash-mode"
73-->src\main\AndroidManifest.xml:15:16-48
74            android:value="0" />
74-->src\main\AndroidManifest.xml:15:49-66
75        <meta-data
75-->src\main\AndroidManifest.xml:16:5-74
76            android:name="unity.splash-enable"
76-->src\main\AndroidManifest.xml:16:16-50
77            android:value="True" />
77-->src\main\AndroidManifest.xml:16:51-71
78        <meta-data
78-->src\main\AndroidManifest.xml:17:5-81
79            android:name="notch.config"
79-->src\main\AndroidManifest.xml:17:16-43
80            android:value="portrait|landscape" />
80-->src\main\AndroidManifest.xml:17:44-78
81        <meta-data
81-->src\main\AndroidManifest.xml:18:5-101
82            android:name="unity.build-id"
82-->src\main\AndroidManifest.xml:18:16-45
83            android:value="7883c569-ff1f-4a9a-ac08-f553fd470f10" />
83-->src\main\AndroidManifest.xml:18:46-98
84        <meta-data
84-->src\main\AndroidManifest.xml:19:5-97
85            android:name="com.samsung.android.vr.application.mode"
85-->src\main\AndroidManifest.xml:19:16-70
86            android:value="vr_only" />
86-->src\main\AndroidManifest.xml:19:71-94
87        <meta-data
87-->src\main\AndroidManifest.xml:20:5-91
88            android:name="com.unity.xr.oculus.LowOverheadMode"
88-->src\main\AndroidManifest.xml:20:16-66
89            android:value="false" />
89-->src\main\AndroidManifest.xml:20:67-88
90        <meta-data
90-->src\main\AndroidManifest.xml:21:5-90
91            android:name="com.oculus.supportedDevices"
91-->src\main\AndroidManifest.xml:21:16-58
92            android:value="quest|quest2" />
92-->src\main\AndroidManifest.xml:21:59-87
93    </application>
94
95</manifest>